<?xml version="1.0" encoding="UTF-8"?>
<!-- Generated by org.testng.reporters.JUnitReportReporter -->
<testsuite hostname="DESKTOP-RD9UV13" failures="0" tests="1" name="testNg1.ClassTwo" time="0.004" errors="0" timestamp="2023-05-22T21:53:29 IST" skipped="0">
  <testcase classname="testNg1.ClassTwo" name="methodE" time="0.004"/>
  <system-out/>
</testsuite> <!-- testNg1.ClassTwo -->
