<?xml version="1.0" encoding="UTF-8"?>
<!-- Generated by org.testng.reporters.JUnitReportReporter -->
<testsuite hostname="DESKTOP-RD9UV13" failures="0" tests="2" name="testNg1.Testing1" time="0.018" errors="0" timestamp="2023-06-06T11:47:46 IST" skipped="0">
  <testcase classname="testNg1.Testing1" name="Test" time="0.012"/>
  <system-out/>
  <testcase classname="testNg1.Testing1" name="Test1" time="0.006"/>
  <system-out/>
</testsuite> <!-- testNg1.Testing1 -->
