<?xml version="1.0" encoding="UTF-8"?>
<!-- Generated by org.testng.reporters.JUnitReportReporter -->
<testsuite hostname="DESKTOP-RD9UV13" failures="0" tests="1" name="pomDriver.TrelloDriver" time="28.444" errors="0" timestamp="2023-05-31T09:43:59 IST" skipped="0">
  <testcase classname="pomDriver.TrelloDriver" name="loginButton" time="28.444"/>
  <system-out/>
</testsuite> <!-- pomDriver.TrelloDriver -->
