<?xml version="1.0" encoding="UTF-8"?>
<!-- Generated by org.testng.reporters.JUnitReportReporter -->
<testsuite hostname="DESKTOP-RD9UV13" failures="0" tests="2" name="testNg1.ClassThree" time="0.020" errors="0" timestamp="2023-05-22T21:53:29 IST" skipped="0">
  <testcase classname="testNg1.ClassThree" name="methodI" time="0.003"/>
  <system-out/>
  <testcase classname="testNg1.ClassThree" name="methodG" time="0.017"/>
  <system-out/>
</testsuite> <!-- testNg1.ClassThree -->
