<?xml version="1.0" encoding="UTF-8"?>
<!-- Generated by org.testng.reporters.JUnitReportReporter -->
<testsuite hostname="DESKTOP-RD9UV13" failures="0" tests="3" name="sauceDemo.SauceDemoDriver" time="132.065" errors="0" timestamp="2023-05-29T22:43:53 IST" skipped="0">
  <testcase classname="sauceDemo.SauceDemoDriver" name="tast1" time="86.482"/>
  <system-out/>
  <testcase classname="sauceDemo.SauceDemoDriver" name="test2" time="28.940"/>
  <system-out/>
  <testcase classname="sauceDemo.SauceDemoDriver" name="test3" time="16.643"/>
  <system-out/>
</testsuite> <!-- sauceDemo.SauceDemoDriver -->
