<?xml version="1.0" encoding="UTF-8"?>
<!-- Generated by org.testng.reporters.JUnitReportReporter -->
<testsuite hostname="DESKTOP-RD9UV13" failures="0" tests="1" name="com.Kashif.Actitime.driver.ActitimeDriver" time="77.316" errors="0" timestamp="2023-06-08T11:06:59 IST" skipped="0">
  <testcase classname="com.Kashif.Actitime.driver.ActitimeDriver" name="loginPage1" time="77.316"/>
  <system-out/>
</testsuite> <!-- com.Kashif.Actitime.driver.ActitimeDriver -->
