<?xml version="1.0" encoding="UTF-8"?>
<!-- Generated by org.testng.reporters.JUnitReportReporter -->
<testsuite hostname="DESKTOP-RD9UV13" failures="0" tests="1" name="testNg1.FullScreenShot" time="18.628" errors="0" timestamp="2023-05-25T22:04:20 IST" skipped="0">
  <testcase classname="testNg1.FullScreenShot" name="fullScreenShot" time="18.628"/>
  <system-out/>
</testsuite> <!-- testNg1.FullScreenShot -->
