<?xml version="1.0" encoding="UTF-8"?>
<!-- Generated by org.testng.reporters.JUnitReportReporter -->
<testsuite hostname="DESKTOP-RD9UV13" failures="0" tests="2" name="LokeshSauce.SauceDriver" time="104.639" errors="0" timestamp="2023-06-20T22:15:49 IST" skipped="0">
  <testcase classname="LokeshSauce.SauceDriver" name="logon" time="23.861"/>
  <system-out/>
  <testcase classname="LokeshSauce.SauceDriver" name="login" time="80.778"/>
  <system-out/>
</testsuite> <!-- LokeshSauce.SauceDriver -->
