<?xml version="1.0" encoding="UTF-8"?>
<!-- Generated by org.testng.reporters.JUnitReportReporter -->
<testsuite hostname="DESKTOP-RD9UV13" failures="0" tests="1" name="testNg1.ScreenShot" time="69.784" errors="0" timestamp="2023-05-25T22:02:35 IST" skipped="0">
  <testcase classname="testNg1.ScreenShot" name="sauceLogin" time="69.784"/>
  <system-out/>
</testsuite> <!-- testNg1.ScreenShot -->
