<?xml version="1.0" encoding="UTF-8"?>
<!-- Generated by org.testng.reporters.JUnitReportReporter -->
<testsuite hostname="DESKTOP-RD9UV13" failures="0" tests="1" name="testNg1.FBlogin" time="43.457" errors="0" timestamp="2023-05-22T11:00:56 IST" skipped="0">
  <testcase classname="testNg1.FBlogin" name="login" time="43.457"/>
  <system-out/>
</testsuite> <!-- testNg1.FBlogin -->
