<?xml version="1.0" encoding="UTF-8"?>
<!-- Generated by org.testng.reporters.JUnitReportReporter -->
<testsuite hostname="DESKTOP-RD9UV13" failures="0" tests="6" name="dataDrivenTesting.TrelloLogin" time="53.791" errors="0" timestamp="2023-05-21T18:24:05 IST" skipped="1">
  <testcase classname="dataDrivenTesting.TrelloLogin" name="name" time="9.777"/>
  <system-out/>
  <testcase classname="dataDrivenTesting.TrelloLogin" name="placeOfb" time="10.896"/>
  <system-out/>
  <testcase classname="dataDrivenTesting.TrelloLogin" name="dateOfBirth" time="11.044"/>
  <system-out/>
  <testcase classname="dataDrivenTesting.TrelloLogin" name="dateOfBirth" time="11.367"/>
  <system-out/>
  <testcase classname="dataDrivenTesting.TrelloLogin" name="dateOfBirth" time="10.707"/>
  <system-out/>
  <testcase classname="dataDrivenTesting.TrelloLogin" name="yearOfBirth">
    <skipped/>
  </testcase> <!-- yearOfBirth -->
  <system-out/>
</testsuite> <!-- dataDrivenTesting.TrelloLogin -->
