<?xml version="1.0" encoding="UTF-8"?>
<!-- Generated by org.testng.reporters.JUnitReportReporter -->
<testsuite hostname="DESKTOP-RD9UV13" failures="0" tests="3" name="testNg1.ClassOne" time="0.012" errors="0" timestamp="2023-05-22T21:36:30 IST" skipped="0">
  <testcase classname="testNg1.ClassOne" name="methodC" time="0.004"/>
  <system-out/>
  <testcase classname="testNg1.ClassOne" name="methodA" time="0.003"/>
  <system-out/>
  <testcase classname="testNg1.ClassOne" name="methodB" time="0.005"/>
  <system-out/>
</testsuite> <!-- testNg1.ClassOne -->
