<?xml version="1.0" encoding="UTF-8"?>
<!-- Generated by org.testng.reporters.JUnitReportReporter -->
<testsuite hostname="DESKTOP-RD9UV13" failures="0" tests="1" name="blazeDemoDriver.BlazeDriver" time="35.360" errors="0" timestamp="2023-06-16T14:09:08 IST" skipped="0">
  <testcase classname="blazeDemoDriver.BlazeDriver" name="login" time="35.360"/>
  <system-out/>
</testsuite> <!-- blazeDemoDriver.BlazeDriver -->
