<?xml version="1.0" encoding="UTF-8"?>
<!-- Generated by org.testng.reporters.JUnitReportReporter -->
<testsuite hostname="DESKTOP-RD9UV13" failures="0" tests="1" name="com.Kash.Demo.Driver.DemoDriver" time="22.565" errors="0" timestamp="2023-06-10T16:57:34 IST" skipped="0">
  <testcase classname="com.Kash.Demo.Driver.DemoDriver" name="register" time="22.565"/>
  <system-out/>
</testsuite> <!-- com.Kash.Demo.Driver.DemoDriver -->
